<?xml version="1.0" encoding="UTF-8"?>
<robot generator="Robot 6.1.1 (Python 3.12.1 on win32)" generated="20240108 23:23:27.883" rpa="false" schemaversion="4">
<suite id="s1" name="Form" source="C:\Users\natan\OneDrive\Imagens\Documentos\cursoRobotYt\aula03\form.robot">
<test id="s1-t1" name="CenÃ¡rio 1: preencher formulario" line="41">
<kw name="abrir navegador e acessar o site">
<kw name="Open Browser" library="SeleniumLibrary">
<arg>https://demoqa.com/automation-practice-form</arg>
<arg>chrome</arg>
<doc>Opens a new browser instance to the optional ``url``.</doc>
<msg timestamp="20240108 23:23:28.085" level="INFO">Opening browser 'chrome' to base url 'https://demoqa.com/automation-practice-form'.</msg>
<status status="PASS" starttime="20240108 23:23:28.085" endtime="20240108 23:23:31.537"/>
</kw>
<status status="PASS" starttime="20240108 23:23:28.084" endtime="20240108 23:23:31.537"/>
</kw>
<kw name="preencher campos">
<kw name="Input Text" library="SeleniumLibrary">
<arg>${input_firstName}</arg>
<arg>Natanael</arg>
<doc>Types the given ``text`` into the text field identified by ``locator``.</doc>
<msg timestamp="20240108 23:23:31.541" level="INFO">Typing text 'Natanael' into text field 'id:firstName'.</msg>
<status status="PASS" starttime="20240108 23:23:31.539" endtime="20240108 23:23:41.509"/>
</kw>
<kw name="Sleep" library="BuiltIn">
<arg>1s</arg>
<doc>Pauses the test executed for the given time.</doc>
<msg timestamp="20240108 23:23:42.511" level="INFO">Slept 1 second</msg>
<status status="PASS" starttime="20240108 23:23:41.510" endtime="20240108 23:23:42.511"/>
</kw>
<kw name="Input Text" library="SeleniumLibrary">
<arg>${input_lastName}</arg>
<arg>Lino</arg>
<doc>Types the given ``text`` into the text field identified by ``locator``.</doc>
<msg timestamp="20240108 23:23:42.511" level="INFO">Typing text 'Lino' into text field 'id:lastName'.</msg>
<status status="PASS" starttime="20240108 23:23:42.511" endtime="20240108 23:23:42.607"/>
</kw>
<kw name="Sleep" library="BuiltIn">
<arg>1s</arg>
<doc>Pauses the test executed for the given time.</doc>
<msg timestamp="20240108 23:23:43.608" level="INFO">Slept 1 second</msg>
<status status="PASS" starttime="20240108 23:23:42.608" endtime="20240108 23:23:43.608"/>
</kw>
<kw name="Input Text" library="SeleniumLibrary">
<arg>${input_userEmail}</arg>
<arg>santoslino.natanael@gmail.com</arg>
<doc>Types the given ``text`` into the text field identified by ``locator``.</doc>
<msg timestamp="20240108 23:23:43.608" level="INFO">Typing text 'santoslino.natanael@gmail.com' into text field 'id:userEmail'.</msg>
<status status="PASS" starttime="20240108 23:23:43.608" endtime="20240108 23:23:43.729"/>
</kw>
<kw name="Sleep" library="BuiltIn">
<arg>1s</arg>
<doc>Pauses the test executed for the given time.</doc>
<msg timestamp="20240108 23:23:44.730" level="INFO">Slept 1 second</msg>
<status status="PASS" starttime="20240108 23:23:43.729" endtime="20240108 23:23:44.730"/>
</kw>
<kw name="Input Text" library="SeleniumLibrary">
<arg>${input_userNumber}</arg>
<arg>85982118611</arg>
<doc>Types the given ``text`` into the text field identified by ``locator``.</doc>
<msg timestamp="20240108 23:23:44.731" level="INFO">Typing text '85982118611' into text field 'id:userNumber'.</msg>
<status status="PASS" starttime="20240108 23:23:44.730" endtime="20240108 23:23:44.816"/>
</kw>
<kw name="Sleep" library="BuiltIn">
<arg>1s</arg>
<doc>Pauses the test executed for the given time.</doc>
<msg timestamp="20240108 23:23:45.817" level="INFO">Slept 1 second</msg>
<status status="PASS" starttime="20240108 23:23:44.816" endtime="20240108 23:23:45.817"/>
</kw>
<kw name="Input Text" library="SeleniumLibrary">
<arg>${textarea_currentAddress}</arg>
<arg>62089634906209835</arg>
<doc>Types the given ``text`` into the text field identified by ``locator``.</doc>
<msg timestamp="20240108 23:23:45.817" level="INFO">Typing text '62089634906209835' into text field 'id:currentAddress'.</msg>
<status status="PASS" starttime="20240108 23:23:45.817" endtime="20240108 23:23:45.909"/>
</kw>
<kw name="Sleep" library="BuiltIn">
<arg>5s</arg>
<doc>Pauses the test executed for the given time.</doc>
<msg timestamp="20240108 23:23:50.910" level="INFO">Slept 5 seconds</msg>
<status status="PASS" starttime="20240108 23:23:45.909" endtime="20240108 23:23:50.910"/>
</kw>
<status status="PASS" starttime="20240108 23:23:31.539" endtime="20240108 23:23:50.910"/>
</kw>
<kw name="clicar em submit">
<kw name="Click Element" library="SeleniumLibrary">
<arg>${button_submit}</arg>
<doc>Click the element identified by ``locator``.</doc>
<msg timestamp="20240108 23:23:50.911" level="INFO">Clicking element 'id:submit'.</msg>
<msg timestamp="20240108 23:23:52.151" level="INFO" html="true">&lt;/td&gt;&lt;/tr&gt;&lt;tr&gt;&lt;td colspan="3"&gt;&lt;a href="selenium-screenshot-2.png"&gt;&lt;img src="selenium-screenshot-2.png" width="800px"&gt;&lt;/a&gt;</msg>
<msg timestamp="20240108 23:23:52.151" level="FAIL">ElementClickInterceptedException: Message: element click intercepted: Element &lt;button id="submit" type="submit" class="btn btn-primary"&gt;...&lt;/button&gt; is not clickable at point (728, 624). Other element would receive the click: &lt;iframe frameborder="0" src="https://04dd15cde4a74efab9b217f63dbf7e67.safeframe.googlesyndication.com/safeframe/1-0-40/html/container.html" id="google_ads_iframe_/21849154601,22343295815/Ad.Plus-Anchor_0" title="3rd party ad content" name="" scrolling="no" marginwidth="0" marginheight="0" width="728" height="90" data-is-safeframe="true" sandbox="allow-forms allow-popups allow-popups-to-escape-sandbox allow-same-origin allow-scripts allow-top-navigation-by-user-activation" role="region" aria-label="Advertisement" tabindex="0" data-google-container-id="1" style="border: 0px; vertical-align: bottom;" data-load-complete="true"&gt;&lt;/iframe&gt;
  (Session info: chrome=120.0.6099.200)
Stacktrace:
	GetHandleVerifier [0x00007FF7A1462142+3514994]
	(No symbol) [0x00007FF7A1080CE2]
	(No symbol) [0x00007FF7A0F276AA]
	(No symbol) [0x00007FF7A0F788F3]
	(No symbol) [0x00007FF7A0F768ED]
	(No symbol) [0x00007FF7A0F740EC]
	(No symbol) [0x00007FF7A0F72EA5]
	(No symbol) [0x00007FF7A0F66A0F]
	(No symbol) [0x00007FF7A0F95FEA]
	(No symbol) [0x00007FF7A0F663B6]
	(No symbol) [0x00007FF7A0F96490]
	(No symbol) [0x00007FF7A0FB28F6]
	(No symbol) [0x00007FF7A0F95D93]
	(No symbol) [0x00007FF7A0F64BDC]
	(No symbol) [0x00007FF7A0F65C64]
	GetHandleVerifier [0x00007FF7A148E16B+3695259]
	GetHandleVerifier [0x00007FF7A14E6737+4057191]
	GetHandleVerifier [0x00007FF7A14DE4E3+4023827]
	GetHandleVerifier [0x00007FF7A11B04F9+689705]
	(No symbol) [0x00007FF7A108C048]
	(No symbol) [0x00007FF7A1088044]
	(No symbol) [0x00007FF7A10881C9]
	(No symbol) [0x00007FF7A10788C4]
	BaseThreadInitThunk [0x00007FFD07AF257D+29]
	RtlUserThreadStart [0x00007FFD083AAA58+40]
</msg>
<status status="FAIL" starttime="20240108 23:23:50.910" endtime="20240108 23:23:52.154"/>
</kw>
<status status="FAIL" starttime="20240108 23:23:50.910" endtime="20240108 23:23:52.154"/>
</kw>
<kw name="fechar navegador">
<status status="NOT RUN" starttime="20240108 23:23:52.154" endtime="20240108 23:23:52.154"/>
</kw>
<status status="FAIL" starttime="20240108 23:23:28.084" endtime="20240108 23:23:52.155">ElementClickInterceptedException: Message: element click intercepted: Element &lt;button id="submit" type="submit" class="btn btn-primary"&gt;...&lt;/button&gt; is not clickable at point (728, 624). Other element would receive the click: &lt;iframe frameborder="0" src="https://04dd15cde4a74efab9b217f63dbf7e67.safeframe.googlesyndication.com/safeframe/1-0-40/html/container.html" id="google_ads_iframe_/21849154601,22343295815/Ad.Plus-Anchor_0" title="3rd party ad content" name="" scrolling="no" marginwidth="0" marginheight="0" width="728" height="90" data-is-safeframe="true" sandbox="allow-forms allow-popups allow-popups-to-escape-sandbox allow-same-origin allow-scripts allow-top-navigation-by-user-activation" role="region" aria-label="Advertisement" tabindex="0" data-google-container-id="1" style="border: 0px; vertical-align: bottom;" data-load-complete="true"&gt;&lt;/iframe&gt;
  (Session info: chrome=120.0.6099.200)
Stacktrace:
	GetHandleVerifier [0x00007FF7A1462142+3514994]
	(No symbol) [0x00007FF7A1080CE2]
	(No symbol) [0x00007FF7A0F276AA]
	(No symbol) [0x00007FF7A0F788F3]
	(No symbol) [0x00007FF7A0F768ED]
	(No symbol) [0x00007FF7A0F740EC]
	(No symbol) [0x00007FF7A0F72EA5]
	(No symbol) [0x00007FF7A0F66A0F]
	(No symbol) [0x00007FF7A0F95FEA]
	(No symbol) [0x00007FF7A0F663B6]
	(No symbol) [0x00007FF7A0F96490]
	(No symbol) [0x00007FF7A0FB28F6]
	(No symbol) [0x00007FF7A0F95D93]
	(No symbol) [0x00007FF7A0F64BDC]
	(No symbol) [0x00007FF7A0F65C64]
	GetHandleVerifier [0x00007FF7A148E16B+3695259]
	GetHandleVerifier [0x00007FF7A14E6737+4057191]
	GetHandleVerifier [0x00007FF7A14DE4E3+4023827]
	GetHandleVerifier [0x00007FF7A11B04F9+689705]
	(No symbol) [0x00007FF7A108C048]
	(No symbol) [0x00007FF7A1088044]
	(No symbol) [0x00007FF7A10881C9]
	(No symbol) [0x00007FF7A10788C4]
	BaseThreadInitThunk [0x00007FFD07AF257D+29]
	RtlUserThreadStart [0x00007FFD083AAA58+40]
</status>
</test>
<status status="FAIL" starttime="20240108 23:23:27.885" endtime="20240108 23:23:52.159"/>
</suite>
<statistics>
<total>
<stat pass="0" fail="1" skip="0">All Tests</stat>
</total>
<tag>
</tag>
<suite>
<stat pass="0" fail="1" skip="0" id="s1" name="Form">Form</stat>
</suite>
</statistics>
<errors>
</errors>
</robot>
